<?xml version="1.0" encoding="UTF-8"?>
<!-- Generated by org.testng.reporters.JUnitReportReporter -->
<testsuite hostname="DESKTOP-QQ2F0N4" failures="0" tests="2" name="TestFb.ToVerifyRoomPage" time="19.740" errors="0" timestamp="2022-09-30T09:47:11 GMT-07:00" skipped="0">
  <testcase classname="TestFb.ToVerifyRoomPage" name="verifyConatctToHelp" time="6.018"/>
  <system-out/>
  <testcase classname="TestFb.ToVerifyRoomPage" name="verifyReturnToMassengerPage" time="13.722"/>
  <system-out/>
</testsuite> <!-- TestFb.ToVerifyRoomPage -->
